88. Printing statistics.

=== F_isNaN ===

   Number of wires:                 46
   Number of wire bits:             77
   Number of public wires:           6
   Number of public wire bits:      37
   Number of ports:                  6
   Number of port bits:             37
   Number of memories:               0
   Number of memory bits:            0
   Number of processes:              0
   Number of cells:                 45
     $_ANDNOT_                       3
     $_AND_                          1
     $_NAND_                         4
     $_NOR_                          2
     $_OR_                          35

   Area for cell type $_AND_ is unknown!
   Area for cell type $_NAND_ is unknown!
   Area for cell type $_OR_ is unknown!
   Area for cell type $_NOR_ is unknown!
   Area for cell type $_ANDNOT_ is unknown!

