101. Printing statistics.

=== F_isNaN ===

   Number of wires:                 79
   Number of wire bits:            110
   Number of public wires:           7
   Number of public wire bits:      38
   Number of ports:                  7
   Number of port bits:             38
   Number of memories:               0
   Number of memory bits:            0
   Number of processes:              0
   Number of cells:                 78
     $_ANDNOT_                      15
     $_AND_                          1
     $_NAND_                         8
     $_NOR_                          2
     $_ORNOT_                        3
     $_OR_                          49

   Area for cell type $_AND_ is unknown!
   Area for cell type $_NAND_ is unknown!
   Area for cell type $_OR_ is unknown!
   Area for cell type $_NOR_ is unknown!
   Area for cell type $_ANDNOT_ is unknown!
   Area for cell type $_ORNOT_ is unknown!

