102. Printing statistics.

=== F_isNaN ===

   Number of wires:                 23
   Number of wire bits:             54
   Number of public wires:           7
   Number of public wire bits:      38
   Number of ports:                  7
   Number of port bits:             38
   Number of memories:               0
   Number of memory bits:            0
   Number of processes:              0
   Number of cells:                 22
     sg13g2_and2_1                   2
     sg13g2_buf_1                    1
     sg13g2_nand2_1                  4
     sg13g2_nand4_1                  2
     sg13g2_nor2_1                   2
     sg13g2_nor2b_1                  1
     sg13g2_nor4_1                   9
     sg13g2_tielo                    1

   Chip area for module '\F_isNaN': 205.027200
     of which used for sequential elements: 0.000000 (0.00%)

